[debug] [2023-03-13T01:52:22.607Z] ----------------------------------------------------------------------
[debug] [2023-03-13T01:52:22.608Z] Command:       /Users/jared_dev/.nvm/versions/node/v16.19.1/bin/node /usr/local/bin/firebase deploy --only functions
[debug] [2023-03-13T01:52:22.609Z] CLI Version:   10.7.2
[debug] [2023-03-13T01:52:22.609Z] Platform:      darwin
[debug] [2023-03-13T01:52:22.609Z] Node Version:  v16.19.1
[debug] [2023-03-13T01:52:22.610Z] Time:          Sun Mar 12 2023 19:52:22 GMT-0600 (Mountain Daylight Time)
[debug] [2023-03-13T01:52:22.610Z] ----------------------------------------------------------------------
[debug] 
[debug] [2023-03-13T01:52:22.639Z] > command requires scopes: ["email","openid","https://www.googleapis.com/auth/cloudplatformprojects.readonly","https://www.googleapis.com/auth/firebase","https://www.googleapis.com/auth/cloud-platform"]
[debug] [2023-03-13T01:52:22.639Z] > authorizing via signed-in user (jaredpotter1@gmail.com)
[debug] [2023-03-13T01:52:22.639Z] [iam] checking project powderhound-b7c60 for permissions ["cloudfunctions.functions.create","cloudfunctions.functions.delete","cloudfunctions.functions.get","cloudfunctions.functions.list","cloudfunctions.functions.update","cloudfunctions.operations.get","firebase.projects.get"]
[debug] [2023-03-13T01:52:22.640Z] >>> [apiv2][query] POST https://cloudresourcemanager.googleapis.com/v1/projects/powderhound-b7c60:testIamPermissions [none]
[debug] [2023-03-13T01:52:22.640Z] >>> [apiv2][body] POST https://cloudresourcemanager.googleapis.com/v1/projects/powderhound-b7c60:testIamPermissions {"permissions":["cloudfunctions.functions.create","cloudfunctions.functions.delete","cloudfunctions.functions.get","cloudfunctions.functions.list","cloudfunctions.functions.update","cloudfunctions.operations.get","firebase.projects.get"]}
[debug] [2023-03-13T01:52:22.799Z] <<< [apiv2][status] POST https://cloudresourcemanager.googleapis.com/v1/projects/powderhound-b7c60:testIamPermissions 200
[debug] [2023-03-13T01:52:22.799Z] <<< [apiv2][body] POST https://cloudresourcemanager.googleapis.com/v1/projects/powderhound-b7c60:testIamPermissions {"permissions":["cloudfunctions.functions.create","cloudfunctions.functions.delete","cloudfunctions.functions.get","cloudfunctions.functions.list","cloudfunctions.functions.update","cloudfunctions.operations.get","firebase.projects.get"]}
[debug] [2023-03-13T01:52:22.800Z] >>> [apiv2][query] POST https://iam.googleapis.com/v1/projects/powderhound-b7c60/serviceAccounts/powderhound-b7c60@appspot.gserviceaccount.com:testIamPermissions [none]
[debug] [2023-03-13T01:52:22.800Z] >>> [apiv2][body] POST https://iam.googleapis.com/v1/projects/powderhound-b7c60/serviceAccounts/powderhound-b7c60@appspot.gserviceaccount.com:testIamPermissions {"permissions":["iam.serviceAccounts.actAs"]}
[debug] [2023-03-13T01:52:22.941Z] <<< [apiv2][status] POST https://iam.googleapis.com/v1/projects/powderhound-b7c60/serviceAccounts/powderhound-b7c60@appspot.gserviceaccount.com:testIamPermissions 200
[debug] [2023-03-13T01:52:22.941Z] <<< [apiv2][body] POST https://iam.googleapis.com/v1/projects/powderhound-b7c60/serviceAccounts/powderhound-b7c60@appspot.gserviceaccount.com:testIamPermissions {"permissions":["iam.serviceAccounts.actAs"]}
[info] 
[info] === Deploying to 'powderhound-b7c60'...
[info] 
[info] i  deploying functions 
[debug] [2023-03-13T01:52:22.943Z] >>> [apiv2][query] GET https://firebase.googleapis.com/v1beta1/projects/powderhound-b7c60 [none]
[debug] [2023-03-13T01:52:23.215Z] <<< [apiv2][status] GET https://firebase.googleapis.com/v1beta1/projects/powderhound-b7c60 200
[debug] [2023-03-13T01:52:23.215Z] <<< [apiv2][body] GET https://firebase.googleapis.com/v1beta1/projects/powderhound-b7c60 {"projectId":"powderhound-b7c60","projectNumber":"973998309596","displayName":"powderhound","name":"projects/powderhound-b7c60","resources":{"hostingSite":"powderhound-b7c60"},"state":"ACTIVE","etag":"1_1741631c-3668-424d-a98e-62f9eac99beb"}
[info] i  functions: ensuring required API cloudfunctions.googleapis.com is enabled... 
[info] i  functions: ensuring required API cloudbuild.googleapis.com is enabled... 
[debug] [2023-03-13T01:52:23.216Z] >>> [apiv2][query] GET https://serviceusage.googleapis.com/v1/projects/powderhound-b7c60/services/cloudfunctions.googleapis.com [none]
[debug] [2023-03-13T01:52:23.217Z] >>> [apiv2][query] GET https://serviceusage.googleapis.com/v1/projects/powderhound-b7c60/services/runtimeconfig.googleapis.com [none]
[debug] [2023-03-13T01:52:23.218Z] >>> [apiv2][query] GET https://serviceusage.googleapis.com/v1/projects/powderhound-b7c60/services/cloudbuild.googleapis.com [none]
[debug] [2023-03-13T01:52:23.218Z] >>> [apiv2][query] GET https://serviceusage.googleapis.com/v1/projects/powderhound-b7c60/services/artifactregistry.googleapis.com [none]
[debug] [2023-03-13T01:52:23.657Z] <<< [apiv2][status] GET https://serviceusage.googleapis.com/v1/projects/powderhound-b7c60/services/runtimeconfig.googleapis.com 200
[debug] [2023-03-13T01:52:23.658Z] <<< [apiv2][body] GET https://serviceusage.googleapis.com/v1/projects/powderhound-b7c60/services/runtimeconfig.googleapis.com [omitted]
[debug] [2023-03-13T01:52:23.671Z] <<< [apiv2][status] GET https://serviceusage.googleapis.com/v1/projects/powderhound-b7c60/services/artifactregistry.googleapis.com 200
[debug] [2023-03-13T01:52:23.671Z] <<< [apiv2][body] GET https://serviceusage.googleapis.com/v1/projects/powderhound-b7c60/services/artifactregistry.googleapis.com [omitted]
[debug] [2023-03-13T01:52:23.678Z] <<< [apiv2][status] GET https://serviceusage.googleapis.com/v1/projects/powderhound-b7c60/services/cloudbuild.googleapis.com 200
[debug] [2023-03-13T01:52:23.678Z] <<< [apiv2][body] GET https://serviceusage.googleapis.com/v1/projects/powderhound-b7c60/services/cloudbuild.googleapis.com [omitted]
[info] ✔  functions: required API cloudbuild.googleapis.com is enabled 
[debug] [2023-03-13T01:52:23.699Z] <<< [apiv2][status] GET https://serviceusage.googleapis.com/v1/projects/powderhound-b7c60/services/cloudfunctions.googleapis.com 200
[debug] [2023-03-13T01:52:23.699Z] <<< [apiv2][body] GET https://serviceusage.googleapis.com/v1/projects/powderhound-b7c60/services/cloudfunctions.googleapis.com [omitted]
[info] ✔  functions: required API cloudfunctions.googleapis.com is enabled 
[debug] [2023-03-13T01:52:23.700Z] >>> [apiv2][query] GET https://firebase.googleapis.com/v1beta1/projects/powderhound-b7c60/adminSdkConfig [none]
[debug] [2023-03-13T01:52:24.088Z] <<< [apiv2][status] GET https://firebase.googleapis.com/v1beta1/projects/powderhound-b7c60/adminSdkConfig 200
[debug] [2023-03-13T01:52:24.089Z] <<< [apiv2][body] GET https://firebase.googleapis.com/v1beta1/projects/powderhound-b7c60/adminSdkConfig {"projectId":"powderhound-b7c60","storageBucket":"powderhound-b7c60.appspot.com"}
[debug] [2023-03-13T01:52:24.089Z] >>> [apiv2][query] GET https://runtimeconfig.googleapis.com/v1beta1/projects/powderhound-b7c60/configs [none]
[debug] [2023-03-13T01:52:24.314Z] <<< [apiv2][status] GET https://runtimeconfig.googleapis.com/v1beta1/projects/powderhound-b7c60/configs 200
[debug] [2023-03-13T01:52:24.315Z] <<< [apiv2][body] GET https://runtimeconfig.googleapis.com/v1beta1/projects/powderhound-b7c60/configs {}
[info] i  functions: preparing codebase default for deployment 
[debug] [2023-03-13T01:52:24.318Z] Validating nodejs source
[warn] ⚠  functions: package.json indicates an outdated version of firebase-functions. Please upgrade using npm install --save firebase-functions@latest in your functions directory. 
[warn] ⚠  functions: Please note that there will be breaking changes when you upgrade. 
[debug] [2023-03-13T01:52:25.190Z] > [functions] package.json contents: {
  "name": "functions",
  "version": "",
  "private": true,
  "devDependencies": {
    "firebase-functions-test": "^0.2.0"
  },
  "description": "Cloud Functions for Firebase",
  "scripts": {
    "serve": "firebase emulators:start --only functions",
    "shell": "firebase functions:shell",
    "start": "npm run shell",
    "deploy": "firebase deploy --only functions",
    "logs": "firebase functions:log"
  },
  "engines": {
    "node": "16"
  },
  "main": "index.js",
  "dependencies": {
    "firebase-functions": "^3.18.0",
    "axios": "^1.2.6",
    "cheerio": "^1.0.0-rc.12",
    "dayjs": "^1.11.7",
    "dotenv": "^16.0.3",
    "firebase-admin": "^11.5.0",
    "twilio": "^4.8.0"
  },
  "readme": "ERROR: No README data found!",
  "_id": "functions@"
}
[debug] [2023-03-13T01:52:25.190Z] Building nodejs source
[info] i  functions: Loaded environment variables from .env. 
[debug] [2023-03-13T01:52:25.191Z] Analyzing nodejs backend spec
[info] i  functions: preparing functions directory for uploading... 
[info] i  functions: packaged /Users/jared_dev/code/powderhound/functions (47.93 KB) for uploading 
[debug] [2023-03-13T01:52:25.346Z] >>> [apiv2][query] GET https://cloudfunctions.googleapis.com/v1/projects/powderhound-b7c60/locations/-/functions [none]
[debug] [2023-03-13T01:52:25.811Z] <<< [apiv2][status] GET https://cloudfunctions.googleapis.com/v1/projects/powderhound-b7c60/locations/-/functions 200
[debug] [2023-03-13T01:52:25.811Z] <<< [apiv2][body] GET https://cloudfunctions.googleapis.com/v1/projects/powderhound-b7c60/locations/-/functions {"functions":[{"name":"projects/powderhound-b7c60/locations/us-central1/functions/checkForResortUpdates","eventTrigger":{"eventType":"google.pubsub.topic.publish","resource":"projects/powderhound-b7c60/topics/firebase-schedule-checkForResortUpdates-us-central1","service":"pubsub.googleapis.com","failurePolicy":{}},"status":"OFFLINE","entryPoint":"checkForResortUpdates","timeout":"60s","availableMemoryMb":256,"serviceAccountEmail":"powderhound-b7c60@appspot.gserviceaccount.com","updateTime":"2023-03-13T01:48:13.113Z","versionId":"2","labels":{"deployment-scheduled":"true","deployment-tool":"cli-firebase"},"sourceUploadUrl":"https://storage.googleapis.com/uploads-533701299598.us-central1.cloudfunctions.appspot.com/200dd9c0-e969-4de6-9b26-6521a7cdbfad.zip","environmentVariables":{"TWILIO_ACCOUNT_SID":"AC52d8d6134e18101ed99cb29cbe012b13","TWILIO_AUTH_TOKEN":"ef4637adc078f5885115003dca245af7","TWILIO_TO_NUMBER":"+18015747900","TWILIO_FROM_NUMBER":"+18775221772","FIREBASE_CONFIG":"{\"projectId\":\"powderhound-b7c60\",\"storageBucket\":\"powderhound-b7c60.appspot.com\"}","GCLOUD_PROJECT":"powderhound-b7c60"},"runtime":"nodejs16","maxInstances":3000,"ingressSettings":"ALLOW_ALL","buildId":"abc01363-47ef-4bdb-afef-38ee4853d5d3","buildName":"projects/973998309596/locations/us-central1/builds/abc01363-47ef-4bdb-afef-38ee4853d5d3","dockerRegistry":"CONTAINER_REGISTRY"}]}
[info] i  functions: ensuring required API cloudscheduler.googleapis.com is enabled... 
[debug] [2023-03-13T01:52:25.815Z] >>> [apiv2][query] GET https://serviceusage.googleapis.com/v1/projects/powderhound-b7c60/services/cloudscheduler.googleapis.com [none]
[debug] [2023-03-13T01:52:26.311Z] <<< [apiv2][status] GET https://serviceusage.googleapis.com/v1/projects/powderhound-b7c60/services/cloudscheduler.googleapis.com 200
[debug] [2023-03-13T01:52:26.312Z] <<< [apiv2][body] GET https://serviceusage.googleapis.com/v1/projects/powderhound-b7c60/services/cloudscheduler.googleapis.com [omitted]
[info] ✔  functions: required API cloudscheduler.googleapis.com is enabled 
[debug] [2023-03-13T01:52:26.315Z] >>> [apiv2][query] GET https://firebase.googleapis.com/v1beta1/projects/powderhound-b7c60 [none]
[debug] [2023-03-13T01:52:26.532Z] <<< [apiv2][status] GET https://firebase.googleapis.com/v1beta1/projects/powderhound-b7c60 200
[debug] [2023-03-13T01:52:26.532Z] <<< [apiv2][body] GET https://firebase.googleapis.com/v1beta1/projects/powderhound-b7c60 {"projectId":"powderhound-b7c60","projectNumber":"973998309596","displayName":"powderhound","name":"projects/powderhound-b7c60","resources":{"hostingSite":"powderhound-b7c60"},"state":"ACTIVE","etag":"1_1741631c-3668-424d-a98e-62f9eac99beb"}
[debug] [2023-03-13T01:52:26.534Z] >>> [apiv2][query] POST https://cloudfunctions.googleapis.com/v1/projects/powderhound-b7c60/locations/us-central1/functions:generateUploadUrl [none]
[debug] [2023-03-13T01:52:26.534Z] >>> [apiv2][body] POST https://cloudfunctions.googleapis.com/v1/projects/powderhound-b7c60/locations/us-central1/functions:generateUploadUrl {}
[debug] [2023-03-13T01:52:27.054Z] <<< [apiv2][status] POST https://cloudfunctions.googleapis.com/v1/projects/powderhound-b7c60/locations/us-central1/functions:generateUploadUrl 200
[debug] [2023-03-13T01:52:27.054Z] <<< [apiv2][body] POST https://cloudfunctions.googleapis.com/v1/projects/powderhound-b7c60/locations/us-central1/functions:generateUploadUrl {"uploadUrl":"https://storage.googleapis.com/uploads-533701299598.us-central1.cloudfunctions.appspot.com/d04d7f9d-84c0-4431-a73d-9861af033147.zip?GoogleAccessId=service-973998309596@gcf-admin-robot.iam.gserviceaccount.com&Expires=1678674146&Signature=HHksYRjfnQwXA8Po1xxMMyicgD2o2%2FMw2fj1rbEB4%2BLMDwNYOvQ7WTXVOS4cOV6%2FNX30znk2z7%2BSqt1MkQ4pMZFYWZQjoCfKO2KjMFes0CWyonnpZ%2Fs8ZAxLehnpR7VXvZCt9tZR29op9ECwDCa5Sqh6xPnyI4fjK9Ggi32iRx0wecin%2F2vicIu0%2Bx33jn4Kvw%2FOMQGyp32GgIgo%2FLfwltgQe%2F4tEomQLRs42cB37%2FR%2BmBIXGDyk6LZhYw0X3SuxBrAOIr8pizJ0jguvtxZ%2F7npkWFg6mjAuHeAjwdOKT9Yozs6D6uxLZcRILtsllL1NTirsn1tPZ%2BAPSyeNZAh15Q%3D%3D"}
[debug] [2023-03-13T01:52:27.056Z] >>> [apiv2][query] PUT https://storage.googleapis.com/uploads-533701299598.us-central1.cloudfunctions.appspot.com/d04d7f9d-84c0-4431-a73d-9861af033147.zip GoogleAccessId=service-973998309596%40gcf-admin-robot.iam.gserviceaccount.com&Expires=1678674146&Signature=HHksYRjfnQwXA8Po1xxMMyicgD2o2%2FMw2fj1rbEB4%2BLMDwNYOvQ7WTXVOS4cOV6%2FNX30znk2z7%2BSqt1MkQ4pMZFYWZQjoCfKO2KjMFes0CWyonnpZ%2Fs8ZAxLehnpR7VXvZCt9tZR29op9ECwDCa5Sqh6xPnyI4fjK9Ggi32iRx0wecin%2F2vicIu0%2Bx33jn4Kvw%2FOMQGyp32GgIgo%2FLfwltgQe%2F4tEomQLRs42cB37%2FR%2BmBIXGDyk6LZhYw0X3SuxBrAOIr8pizJ0jguvtxZ%2F7npkWFg6mjAuHeAjwdOKT9Yozs6D6uxLZcRILtsllL1NTirsn1tPZ%2BAPSyeNZAh15Q%3D%3D
[debug] [2023-03-13T01:52:27.056Z] >>> [apiv2][body] PUT https://storage.googleapis.com/uploads-533701299598.us-central1.cloudfunctions.appspot.com/d04d7f9d-84c0-4431-a73d-9861af033147.zip [stream]
[debug] [2023-03-13T01:52:27.295Z] <<< [apiv2][status] PUT https://storage.googleapis.com/uploads-533701299598.us-central1.cloudfunctions.appspot.com/d04d7f9d-84c0-4431-a73d-9861af033147.zip 200
[debug] [2023-03-13T01:52:27.295Z] <<< [apiv2][body] PUT https://storage.googleapis.com/uploads-533701299598.us-central1.cloudfunctions.appspot.com/d04d7f9d-84c0-4431-a73d-9861af033147.zip [omitted]
[info] ✔  functions: functions folder uploaded successfully 
[info] i  functions: updating Node.js 16 function checkForResortUpdates(us-central1)... 
[debug] [2023-03-13T01:52:27.303Z] >>> [apiv2][query] PATCH https://cloudfunctions.googleapis.com/v1/projects/powderhound-b7c60/locations/us-central1/functions/checkForResortUpdates updateMask=name%2CsourceUploadUrl%2CentryPoint%2Cruntime%2Clabels%2CeventTrigger.eventType%2CeventTrigger.resource%2CavailableMemoryMb%2CenvironmentVariables%2CsourceToken
[debug] [2023-03-13T01:52:27.303Z] >>> [apiv2][body] PATCH https://cloudfunctions.googleapis.com/v1/projects/powderhound-b7c60/locations/us-central1/functions/checkForResortUpdates {"name":"projects/powderhound-b7c60/locations/us-central1/functions/checkForResortUpdates","sourceUploadUrl":"https://storage.googleapis.com/uploads-533701299598.us-central1.cloudfunctions.appspot.com/d04d7f9d-84c0-4431-a73d-9861af033147.zip?GoogleAccessId=service-973998309596@gcf-admin-robot.iam.gserviceaccount.com&Expires=1678674146&Signature=HHksYRjfnQwXA8Po1xxMMyicgD2o2%2FMw2fj1rbEB4%2BLMDwNYOvQ7WTXVOS4cOV6%2FNX30znk2z7%2BSqt1MkQ4pMZFYWZQjoCfKO2KjMFes0CWyonnpZ%2Fs8ZAxLehnpR7VXvZCt9tZR29op9ECwDCa5Sqh6xPnyI4fjK9Ggi32iRx0wecin%2F2vicIu0%2Bx33jn4Kvw%2FOMQGyp32GgIgo%2FLfwltgQe%2F4tEomQLRs42cB37%2FR%2BmBIXGDyk6LZhYw0X3SuxBrAOIr8pizJ0jguvtxZ%2F7npkWFg6mjAuHeAjwdOKT9Yozs6D6uxLZcRILtsllL1NTirsn1tPZ%2BAPSyeNZAh15Q%3D%3D","entryPoint":"checkForResortUpdates","runtime":"nodejs16","labels":{"deployment-scheduled":"true","deployment-tool":"cli-firebase"},"eventTrigger":{"eventType":"google.pubsub.topic.publish","resource":"projects/powderhound-b7c60/topics/firebase-schedule-checkForResortUpdates-us-central1"},"availableMemoryMb":256,"environmentVariables":{"TWILIO_ACCOUNT_SID":"AC52d8d6134e18101ed99cb29cbe012b13","TWILIO_AUTH_TOKEN":"ef4637adc078f5885115003dca245af7","TWILIO_TO_NUMBER":"+18015747900","TWILIO_FROM_NUMBER":"+18775221772","FIREBASE_CONFIG":"{\"projectId\":\"powderhound-b7c60\",\"storageBucket\":\"powderhound-b7c60.appspot.com\"}","GCLOUD_PROJECT":"powderhound-b7c60"}}
[debug] [2023-03-13T01:52:27.715Z] <<< [apiv2][status] PATCH https://cloudfunctions.googleapis.com/v1/projects/powderhound-b7c60/locations/us-central1/functions/checkForResortUpdates 200
[debug] [2023-03-13T01:52:27.715Z] <<< [apiv2][body] PATCH https://cloudfunctions.googleapis.com/v1/projects/powderhound-b7c60/locations/us-central1/functions/checkForResortUpdates {"name":"operations/cG93ZGVyaG91bmQtYjdjNjAvdXMtY2VudHJhbDEvY2hlY2tGb3JSZXNvcnRVcGRhdGVzL0IySnJ4Y3hpREtJ","metadata":{"@type":"type.googleapis.com/google.cloud.functions.v1.OperationMetadataV1","target":"projects/powderhound-b7c60/locations/us-central1/functions/checkForResortUpdates","type":"UPDATE_FUNCTION","request":{"@type":"type.googleapis.com/google.cloud.functions.v1.CloudFunction","name":"projects/powderhound-b7c60/locations/us-central1/functions/checkForResortUpdates","eventTrigger":{"eventType":"google.pubsub.topic.publish","resource":"projects/powderhound-b7c60/topics/firebase-schedule-checkForResortUpdates-us-central1","service":"pubsub.googleapis.com","failurePolicy":{}},"status":"OFFLINE","entryPoint":"checkForResortUpdates","timeout":"60s","availableMemoryMb":256,"serviceAccountEmail":"powderhound-b7c60@appspot.gserviceaccount.com","updateTime":"2023-03-13T01:48:13.113Z","versionId":"2","labels":{"deployment-scheduled":"true","deployment-tool":"cli-firebase"},"sourceUploadUrl":"https://storage.googleapis.com/uploads-533701299598.us-central1.cloudfunctions.appspot.com/d04d7f9d-84c0-4431-a73d-9861af033147.zip?GoogleAccessId=service-973998309596@gcf-admin-robot.iam.gserviceaccount.com&Expires=1678674146&Signature=HHksYRjfnQwXA8Po1xxMMyicgD2o2%2FMw2fj1rbEB4%2BLMDwNYOvQ7WTXVOS4cOV6%2FNX30znk2z7%2BSqt1MkQ4pMZFYWZQjoCfKO2KjMFes0CWyonnpZ%2Fs8ZAxLehnpR7VXvZCt9tZR29op9ECwDCa5Sqh6xPnyI4fjK9Ggi32iRx0wecin%2F2vicIu0%2Bx33jn4Kvw%2FOMQGyp32GgIgo%2FLfwltgQe%2F4tEomQLRs42cB37%2FR%2BmBIXGDyk6LZhYw0X3SuxBrAOIr8pizJ0jguvtxZ%2F7npkWFg6mjAuHeAjwdOKT9Yozs6D6uxLZcRILtsllL1NTirsn1tPZ%2BAPSyeNZAh15Q%3D%3D","environmentVariables":{"TWILIO_ACCOUNT_SID":"AC52d8d6134e18101ed99cb29cbe012b13","TWILIO_AUTH_TOKEN":"ef4637adc078f5885115003dca245af7","TWILIO_TO_NUMBER":"+18015747900","TWILIO_FROM_NUMBER":"+18775221772","FIREBASE_CONFIG":"{\"projectId\":\"powderhound-b7c60\",\"storageBucket\":\"powderhound-b7c60.appspot.com\"}","GCLOUD_PROJECT":"powderhound-b7c60"},"runtime":"nodejs16","maxInstances":3000,"ingressSettings":"ALLOW_ALL","buildId":"abc01363-47ef-4bdb-afef-38ee4853d5d3","buildName":"projects/973998309596/locations/us-central1/builds/abc01363-47ef-4bdb-afef-38ee4853d5d3","dockerRegistry":"CONTAINER_REGISTRY"},"versionId":"3","updateTime":"2023-03-13T01:52:27Z"}}
[debug] [2023-03-13T01:52:27.716Z] >>> [apiv2][query] GET https://cloudfunctions.googleapis.com/v1/operations/cG93ZGVyaG91bmQtYjdjNjAvdXMtY2VudHJhbDEvY2hlY2tGb3JSZXNvcnRVcGRhdGVzL0IySnJ4Y3hpREtJ [none]
[debug] [2023-03-13T01:52:27.919Z] <<< [apiv2][status] GET https://cloudfunctions.googleapis.com/v1/operations/cG93ZGVyaG91bmQtYjdjNjAvdXMtY2VudHJhbDEvY2hlY2tGb3JSZXNvcnRVcGRhdGVzL0IySnJ4Y3hpREtJ 200
[debug] [2023-03-13T01:52:27.919Z] <<< [apiv2][body] GET https://cloudfunctions.googleapis.com/v1/operations/cG93ZGVyaG91bmQtYjdjNjAvdXMtY2VudHJhbDEvY2hlY2tGb3JSZXNvcnRVcGRhdGVzL0IySnJ4Y3hpREtJ {"name":"operations/cG93ZGVyaG91bmQtYjdjNjAvdXMtY2VudHJhbDEvY2hlY2tGb3JSZXNvcnRVcGRhdGVzL0IySnJ4Y3hpREtJ","metadata":{"@type":"type.googleapis.com/google.cloud.functions.v1.OperationMetadataV1","target":"projects/powderhound-b7c60/locations/us-central1/functions/checkForResortUpdates","type":"UPDATE_FUNCTION","request":{"@type":"type.googleapis.com/google.cloud.functions.v1.CloudFunction","name":"projects/powderhound-b7c60/locations/us-central1/functions/checkForResortUpdates","eventTrigger":{"eventType":"google.pubsub.topic.publish","resource":"projects/powderhound-b7c60/topics/firebase-schedule-checkForResortUpdates-us-central1","service":"pubsub.googleapis.com","failurePolicy":{}},"status":"OFFLINE","entryPoint":"checkForResortUpdates","timeout":"60s","availableMemoryMb":256,"serviceAccountEmail":"powderhound-b7c60@appspot.gserviceaccount.com","updateTime":"2023-03-13T01:48:13.113Z","versionId":"2","labels":{"deployment-scheduled":"true","deployment-tool":"cli-firebase"},"sourceUploadUrl":"https://storage.googleapis.com/uploads-533701299598.us-central1.cloudfunctions.appspot.com/d04d7f9d-84c0-4431-a73d-9861af033147.zip?GoogleAccessId=service-973998309596@gcf-admin-robot.iam.gserviceaccount.com&Expires=1678674146&Signature=HHksYRjfnQwXA8Po1xxMMyicgD2o2%2FMw2fj1rbEB4%2BLMDwNYOvQ7WTXVOS4cOV6%2FNX30znk2z7%2BSqt1MkQ4pMZFYWZQjoCfKO2KjMFes0CWyonnpZ%2Fs8ZAxLehnpR7VXvZCt9tZR29op9ECwDCa5Sqh6xPnyI4fjK9Ggi32iRx0wecin%2F2vicIu0%2Bx33jn4Kvw%2FOMQGyp32GgIgo%2FLfwltgQe%2F4tEomQLRs42cB37%2FR%2BmBIXGDyk6LZhYw0X3SuxBrAOIr8pizJ0jguvtxZ%2F7npkWFg6mjAuHeAjwdOKT9Yozs6D6uxLZcRILtsllL1NTirsn1tPZ%2BAPSyeNZAh15Q%3D%3D","environmentVariables":{"TWILIO_ACCOUNT_SID":"AC52d8d6134e18101ed99cb29cbe012b13","TWILIO_AUTH_TOKEN":"ef4637adc078f5885115003dca245af7","TWILIO_TO_NUMBER":"+18015747900","TWILIO_FROM_NUMBER":"+18775221772","FIREBASE_CONFIG":"{\"projectId\":\"powderhound-b7c60\",\"storageBucket\":\"powderhound-b7c60.appspot.com\"}","GCLOUD_PROJECT":"powderhound-b7c60"},"runtime":"nodejs16","maxInstances":3000,"ingressSettings":"ALLOW_ALL","buildId":"abc01363-47ef-4bdb-afef-38ee4853d5d3","buildName":"projects/973998309596/locations/us-central1/builds/abc01363-47ef-4bdb-afef-38ee4853d5d3","dockerRegistry":"CONTAINER_REGISTRY"},"versionId":"3","updateTime":"2023-03-13T01:52:27Z"}}
[debug] [2023-03-13T01:52:28.422Z] [update-default-us-central1-checkForResortUpdates] Retrying task index 0
[debug] [2023-03-13T01:52:28.424Z] >>> [apiv2][query] GET https://cloudfunctions.googleapis.com/v1/operations/cG93ZGVyaG91bmQtYjdjNjAvdXMtY2VudHJhbDEvY2hlY2tGb3JSZXNvcnRVcGRhdGVzL0IySnJ4Y3hpREtJ [none]
[debug] [2023-03-13T01:52:28.644Z] <<< [apiv2][status] GET https://cloudfunctions.googleapis.com/v1/operations/cG93ZGVyaG91bmQtYjdjNjAvdXMtY2VudHJhbDEvY2hlY2tGb3JSZXNvcnRVcGRhdGVzL0IySnJ4Y3hpREtJ 200
[debug] [2023-03-13T01:52:28.644Z] <<< [apiv2][body] GET https://cloudfunctions.googleapis.com/v1/operations/cG93ZGVyaG91bmQtYjdjNjAvdXMtY2VudHJhbDEvY2hlY2tGb3JSZXNvcnRVcGRhdGVzL0IySnJ4Y3hpREtJ {"name":"operations/cG93ZGVyaG91bmQtYjdjNjAvdXMtY2VudHJhbDEvY2hlY2tGb3JSZXNvcnRVcGRhdGVzL0IySnJ4Y3hpREtJ","metadata":{"@type":"type.googleapis.com/google.cloud.functions.v1.OperationMetadataV1","target":"projects/powderhound-b7c60/locations/us-central1/functions/checkForResortUpdates","type":"UPDATE_FUNCTION","request":{"@type":"type.googleapis.com/google.cloud.functions.v1.CloudFunction","name":"projects/powderhound-b7c60/locations/us-central1/functions/checkForResortUpdates","eventTrigger":{"eventType":"google.pubsub.topic.publish","resource":"projects/powderhound-b7c60/topics/firebase-schedule-checkForResortUpdates-us-central1","service":"pubsub.googleapis.com","failurePolicy":{}},"status":"OFFLINE","entryPoint":"checkForResortUpdates","timeout":"60s","availableMemoryMb":256,"serviceAccountEmail":"powderhound-b7c60@appspot.gserviceaccount.com","updateTime":"2023-03-13T01:48:13.113Z","versionId":"2","labels":{"deployment-scheduled":"true","deployment-tool":"cli-firebase"},"sourceUploadUrl":"https://storage.googleapis.com/uploads-533701299598.us-central1.cloudfunctions.appspot.com/d04d7f9d-84c0-4431-a73d-9861af033147.zip?GoogleAccessId=service-973998309596@gcf-admin-robot.iam.gserviceaccount.com&Expires=1678674146&Signature=HHksYRjfnQwXA8Po1xxMMyicgD2o2%2FMw2fj1rbEB4%2BLMDwNYOvQ7WTXVOS4cOV6%2FNX30znk2z7%2BSqt1MkQ4pMZFYWZQjoCfKO2KjMFes0CWyonnpZ%2Fs8ZAxLehnpR7VXvZCt9tZR29op9ECwDCa5Sqh6xPnyI4fjK9Ggi32iRx0wecin%2F2vicIu0%2Bx33jn4Kvw%2FOMQGyp32GgIgo%2FLfwltgQe%2F4tEomQLRs42cB37%2FR%2BmBIXGDyk6LZhYw0X3SuxBrAOIr8pizJ0jguvtxZ%2F7npkWFg6mjAuHeAjwdOKT9Yozs6D6uxLZcRILtsllL1NTirsn1tPZ%2BAPSyeNZAh15Q%3D%3D","environmentVariables":{"TWILIO_ACCOUNT_SID":"AC52d8d6134e18101ed99cb29cbe012b13","TWILIO_AUTH_TOKEN":"ef4637adc078f5885115003dca245af7","TWILIO_TO_NUMBER":"+18015747900","TWILIO_FROM_NUMBER":"+18775221772","FIREBASE_CONFIG":"{\"projectId\":\"powderhound-b7c60\",\"storageBucket\":\"powderhound-b7c60.appspot.com\"}","GCLOUD_PROJECT":"powderhound-b7c60"},"runtime":"nodejs16","maxInstances":3000,"ingressSettings":"ALLOW_ALL","buildId":"abc01363-47ef-4bdb-afef-38ee4853d5d3","buildName":"projects/973998309596/locations/us-central1/builds/abc01363-47ef-4bdb-afef-38ee4853d5d3","dockerRegistry":"CONTAINER_REGISTRY"},"versionId":"3","updateTime":"2023-03-13T01:52:27Z","buildId":"440bc617-3ee5-4640-9c90-f76df0428538","buildName":"projects/973998309596/locations/us-central1/builds/440bc617-3ee5-4640-9c90-f76df0428538"}}
[debug] [2023-03-13T01:52:29.646Z] [update-default-us-central1-checkForResortUpdates] Retrying task index 0
[debug] [2023-03-13T01:52:29.647Z] >>> [apiv2][query] GET https://cloudfunctions.googleapis.com/v1/operations/cG93ZGVyaG91bmQtYjdjNjAvdXMtY2VudHJhbDEvY2hlY2tGb3JSZXNvcnRVcGRhdGVzL0IySnJ4Y3hpREtJ [none]
[debug] [2023-03-13T01:52:29.863Z] <<< [apiv2][status] GET https://cloudfunctions.googleapis.com/v1/operations/cG93ZGVyaG91bmQtYjdjNjAvdXMtY2VudHJhbDEvY2hlY2tGb3JSZXNvcnRVcGRhdGVzL0IySnJ4Y3hpREtJ 200
[debug] [2023-03-13T01:52:29.863Z] <<< [apiv2][body] GET https://cloudfunctions.googleapis.com/v1/operations/cG93ZGVyaG91bmQtYjdjNjAvdXMtY2VudHJhbDEvY2hlY2tGb3JSZXNvcnRVcGRhdGVzL0IySnJ4Y3hpREtJ {"name":"operations/cG93ZGVyaG91bmQtYjdjNjAvdXMtY2VudHJhbDEvY2hlY2tGb3JSZXNvcnRVcGRhdGVzL0IySnJ4Y3hpREtJ","metadata":{"@type":"type.googleapis.com/google.cloud.functions.v1.OperationMetadataV1","target":"projects/powderhound-b7c60/locations/us-central1/functions/checkForResortUpdates","type":"UPDATE_FUNCTION","request":{"@type":"type.googleapis.com/google.cloud.functions.v1.CloudFunction","name":"projects/powderhound-b7c60/locations/us-central1/functions/checkForResortUpdates","eventTrigger":{"eventType":"google.pubsub.topic.publish","resource":"projects/powderhound-b7c60/topics/firebase-schedule-checkForResortUpdates-us-central1","service":"pubsub.googleapis.com","failurePolicy":{}},"status":"OFFLINE","entryPoint":"checkForResortUpdates","timeout":"60s","availableMemoryMb":256,"serviceAccountEmail":"powderhound-b7c60@appspot.gserviceaccount.com","updateTime":"2023-03-13T01:48:13.113Z","versionId":"2","labels":{"deployment-scheduled":"true","deployment-tool":"cli-firebase"},"sourceUploadUrl":"https://storage.googleapis.com/uploads-533701299598.us-central1.cloudfunctions.appspot.com/d04d7f9d-84c0-4431-a73d-9861af033147.zip?GoogleAccessId=service-973998309596@gcf-admin-robot.iam.gserviceaccount.com&Expires=1678674146&Signature=HHksYRjfnQwXA8Po1xxMMyicgD2o2%2FMw2fj1rbEB4%2BLMDwNYOvQ7WTXVOS4cOV6%2FNX30znk2z7%2BSqt1MkQ4pMZFYWZQjoCfKO2KjMFes0CWyonnpZ%2Fs8ZAxLehnpR7VXvZCt9tZR29op9ECwDCa5Sqh6xPnyI4fjK9Ggi32iRx0wecin%2F2vicIu0%2Bx33jn4Kvw%2FOMQGyp32GgIgo%2FLfwltgQe%2F4tEomQLRs42cB37%2FR%2BmBIXGDyk6LZhYw0X3SuxBrAOIr8pizJ0jguvtxZ%2F7npkWFg6mjAuHeAjwdOKT9Yozs6D6uxLZcRILtsllL1NTirsn1tPZ%2BAPSyeNZAh15Q%3D%3D","environmentVariables":{"TWILIO_ACCOUNT_SID":"AC52d8d6134e18101ed99cb29cbe012b13","TWILIO_AUTH_TOKEN":"ef4637adc078f5885115003dca245af7","TWILIO_TO_NUMBER":"+18015747900","TWILIO_FROM_NUMBER":"+18775221772","FIREBASE_CONFIG":"{\"projectId\":\"powderhound-b7c60\",\"storageBucket\":\"powderhound-b7c60.appspot.com\"}","GCLOUD_PROJECT":"powderhound-b7c60"},"runtime":"nodejs16","maxInstances":3000,"ingressSettings":"ALLOW_ALL","buildId":"abc01363-47ef-4bdb-afef-38ee4853d5d3","buildName":"projects/973998309596/locations/us-central1/builds/abc01363-47ef-4bdb-afef-38ee4853d5d3","dockerRegistry":"CONTAINER_REGISTRY"},"versionId":"3","updateTime":"2023-03-13T01:52:27Z","buildId":"440bc617-3ee5-4640-9c90-f76df0428538","buildName":"projects/973998309596/locations/us-central1/builds/440bc617-3ee5-4640-9c90-f76df0428538"}}
[debug] [2023-03-13T01:52:31.866Z] [update-default-us-central1-checkForResortUpdates] Retrying task index 0
[debug] [2023-03-13T01:52:31.867Z] >>> [apiv2][query] GET https://cloudfunctions.googleapis.com/v1/operations/cG93ZGVyaG91bmQtYjdjNjAvdXMtY2VudHJhbDEvY2hlY2tGb3JSZXNvcnRVcGRhdGVzL0IySnJ4Y3hpREtJ [none]
[debug] [2023-03-13T01:52:32.060Z] <<< [apiv2][status] GET https://cloudfunctions.googleapis.com/v1/operations/cG93ZGVyaG91bmQtYjdjNjAvdXMtY2VudHJhbDEvY2hlY2tGb3JSZXNvcnRVcGRhdGVzL0IySnJ4Y3hpREtJ 200
[debug] [2023-03-13T01:52:32.060Z] <<< [apiv2][body] GET https://cloudfunctions.googleapis.com/v1/operations/cG93ZGVyaG91bmQtYjdjNjAvdXMtY2VudHJhbDEvY2hlY2tGb3JSZXNvcnRVcGRhdGVzL0IySnJ4Y3hpREtJ {"name":"operations/cG93ZGVyaG91bmQtYjdjNjAvdXMtY2VudHJhbDEvY2hlY2tGb3JSZXNvcnRVcGRhdGVzL0IySnJ4Y3hpREtJ","metadata":{"@type":"type.googleapis.com/google.cloud.functions.v1.OperationMetadataV1","target":"projects/powderhound-b7c60/locations/us-central1/functions/checkForResortUpdates","type":"UPDATE_FUNCTION","request":{"@type":"type.googleapis.com/google.cloud.functions.v1.CloudFunction","name":"projects/powderhound-b7c60/locations/us-central1/functions/checkForResortUpdates","eventTrigger":{"eventType":"google.pubsub.topic.publish","resource":"projects/powderhound-b7c60/topics/firebase-schedule-checkForResortUpdates-us-central1","service":"pubsub.googleapis.com","failurePolicy":{}},"status":"OFFLINE","entryPoint":"checkForResortUpdates","timeout":"60s","availableMemoryMb":256,"serviceAccountEmail":"powderhound-b7c60@appspot.gserviceaccount.com","updateTime":"2023-03-13T01:48:13.113Z","versionId":"2","labels":{"deployment-scheduled":"true","deployment-tool":"cli-firebase"},"sourceUploadUrl":"https://storage.googleapis.com/uploads-533701299598.us-central1.cloudfunctions.appspot.com/d04d7f9d-84c0-4431-a73d-9861af033147.zip?GoogleAccessId=service-973998309596@gcf-admin-robot.iam.gserviceaccount.com&Expires=1678674146&Signature=HHksYRjfnQwXA8Po1xxMMyicgD2o2%2FMw2fj1rbEB4%2BLMDwNYOvQ7WTXVOS4cOV6%2FNX30znk2z7%2BSqt1MkQ4pMZFYWZQjoCfKO2KjMFes0CWyonnpZ%2Fs8ZAxLehnpR7VXvZCt9tZR29op9ECwDCa5Sqh6xPnyI4fjK9Ggi32iRx0wecin%2F2vicIu0%2Bx33jn4Kvw%2FOMQGyp32GgIgo%2FLfwltgQe%2F4tEomQLRs42cB37%2FR%2BmBIXGDyk6LZhYw0X3SuxBrAOIr8pizJ0jguvtxZ%2F7npkWFg6mjAuHeAjwdOKT9Yozs6D6uxLZcRILtsllL1NTirsn1tPZ%2BAPSyeNZAh15Q%3D%3D","environmentVariables":{"TWILIO_ACCOUNT_SID":"AC52d8d6134e18101ed99cb29cbe012b13","TWILIO_AUTH_TOKEN":"ef4637adc078f5885115003dca245af7","TWILIO_TO_NUMBER":"+18015747900","TWILIO_FROM_NUMBER":"+18775221772","FIREBASE_CONFIG":"{\"projectId\":\"powderhound-b7c60\",\"storageBucket\":\"powderhound-b7c60.appspot.com\"}","GCLOUD_PROJECT":"powderhound-b7c60"},"runtime":"nodejs16","maxInstances":3000,"ingressSettings":"ALLOW_ALL","buildId":"abc01363-47ef-4bdb-afef-38ee4853d5d3","buildName":"projects/973998309596/locations/us-central1/builds/abc01363-47ef-4bdb-afef-38ee4853d5d3","dockerRegistry":"CONTAINER_REGISTRY"},"versionId":"3","updateTime":"2023-03-13T01:52:27Z","buildId":"440bc617-3ee5-4640-9c90-f76df0428538","buildName":"projects/973998309596/locations/us-central1/builds/440bc617-3ee5-4640-9c90-f76df0428538"}}
[debug] [2023-03-13T01:52:36.061Z] [update-default-us-central1-checkForResortUpdates] Retrying task index 0
[debug] [2023-03-13T01:52:36.062Z] >>> [apiv2][query] GET https://cloudfunctions.googleapis.com/v1/operations/cG93ZGVyaG91bmQtYjdjNjAvdXMtY2VudHJhbDEvY2hlY2tGb3JSZXNvcnRVcGRhdGVzL0IySnJ4Y3hpREtJ [none]
[debug] [2023-03-13T01:52:36.259Z] <<< [apiv2][status] GET https://cloudfunctions.googleapis.com/v1/operations/cG93ZGVyaG91bmQtYjdjNjAvdXMtY2VudHJhbDEvY2hlY2tGb3JSZXNvcnRVcGRhdGVzL0IySnJ4Y3hpREtJ 200
[debug] [2023-03-13T01:52:36.259Z] <<< [apiv2][body] GET https://cloudfunctions.googleapis.com/v1/operations/cG93ZGVyaG91bmQtYjdjNjAvdXMtY2VudHJhbDEvY2hlY2tGb3JSZXNvcnRVcGRhdGVzL0IySnJ4Y3hpREtJ {"name":"operations/cG93ZGVyaG91bmQtYjdjNjAvdXMtY2VudHJhbDEvY2hlY2tGb3JSZXNvcnRVcGRhdGVzL0IySnJ4Y3hpREtJ","metadata":{"@type":"type.googleapis.com/google.cloud.functions.v1.OperationMetadataV1","target":"projects/powderhound-b7c60/locations/us-central1/functions/checkForResortUpdates","type":"UPDATE_FUNCTION","request":{"@type":"type.googleapis.com/google.cloud.functions.v1.CloudFunction","name":"projects/powderhound-b7c60/locations/us-central1/functions/checkForResortUpdates","eventTrigger":{"eventType":"google.pubsub.topic.publish","resource":"projects/powderhound-b7c60/topics/firebase-schedule-checkForResortUpdates-us-central1","service":"pubsub.googleapis.com","failurePolicy":{}},"status":"OFFLINE","entryPoint":"checkForResortUpdates","timeout":"60s","availableMemoryMb":256,"serviceAccountEmail":"powderhound-b7c60@appspot.gserviceaccount.com","updateTime":"2023-03-13T01:48:13.113Z","versionId":"2","labels":{"deployment-scheduled":"true","deployment-tool":"cli-firebase"},"sourceUploadUrl":"https://storage.googleapis.com/uploads-533701299598.us-central1.cloudfunctions.appspot.com/d04d7f9d-84c0-4431-a73d-9861af033147.zip?GoogleAccessId=service-973998309596@gcf-admin-robot.iam.gserviceaccount.com&Expires=1678674146&Signature=HHksYRjfnQwXA8Po1xxMMyicgD2o2%2FMw2fj1rbEB4%2BLMDwNYOvQ7WTXVOS4cOV6%2FNX30znk2z7%2BSqt1MkQ4pMZFYWZQjoCfKO2KjMFes0CWyonnpZ%2Fs8ZAxLehnpR7VXvZCt9tZR29op9ECwDCa5Sqh6xPnyI4fjK9Ggi32iRx0wecin%2F2vicIu0%2Bx33jn4Kvw%2FOMQGyp32GgIgo%2FLfwltgQe%2F4tEomQLRs42cB37%2FR%2BmBIXGDyk6LZhYw0X3SuxBrAOIr8pizJ0jguvtxZ%2F7npkWFg6mjAuHeAjwdOKT9Yozs6D6uxLZcRILtsllL1NTirsn1tPZ%2BAPSyeNZAh15Q%3D%3D","environmentVariables":{"TWILIO_ACCOUNT_SID":"AC52d8d6134e18101ed99cb29cbe012b13","TWILIO_AUTH_TOKEN":"ef4637adc078f5885115003dca245af7","TWILIO_TO_NUMBER":"+18015747900","TWILIO_FROM_NUMBER":"+18775221772","FIREBASE_CONFIG":"{\"projectId\":\"powderhound-b7c60\",\"storageBucket\":\"powderhound-b7c60.appspot.com\"}","GCLOUD_PROJECT":"powderhound-b7c60"},"runtime":"nodejs16","maxInstances":3000,"ingressSettings":"ALLOW_ALL","buildId":"abc01363-47ef-4bdb-afef-38ee4853d5d3","buildName":"projects/973998309596/locations/us-central1/builds/abc01363-47ef-4bdb-afef-38ee4853d5d3","dockerRegistry":"CONTAINER_REGISTRY"},"versionId":"3","updateTime":"2023-03-13T01:52:27Z","buildId":"440bc617-3ee5-4640-9c90-f76df0428538","buildName":"projects/973998309596/locations/us-central1/builds/440bc617-3ee5-4640-9c90-f76df0428538"}}
[debug] [2023-03-13T01:52:44.261Z] [update-default-us-central1-checkForResortUpdates] Retrying task index 0
[debug] [2023-03-13T01:52:44.261Z] >>> [apiv2][query] GET https://cloudfunctions.googleapis.com/v1/operations/cG93ZGVyaG91bmQtYjdjNjAvdXMtY2VudHJhbDEvY2hlY2tGb3JSZXNvcnRVcGRhdGVzL0IySnJ4Y3hpREtJ [none]
[debug] [2023-03-13T01:52:44.459Z] <<< [apiv2][status] GET https://cloudfunctions.googleapis.com/v1/operations/cG93ZGVyaG91bmQtYjdjNjAvdXMtY2VudHJhbDEvY2hlY2tGb3JSZXNvcnRVcGRhdGVzL0IySnJ4Y3hpREtJ 200
[debug] [2023-03-13T01:52:44.460Z] <<< [apiv2][body] GET https://cloudfunctions.googleapis.com/v1/operations/cG93ZGVyaG91bmQtYjdjNjAvdXMtY2VudHJhbDEvY2hlY2tGb3JSZXNvcnRVcGRhdGVzL0IySnJ4Y3hpREtJ {"name":"operations/cG93ZGVyaG91bmQtYjdjNjAvdXMtY2VudHJhbDEvY2hlY2tGb3JSZXNvcnRVcGRhdGVzL0IySnJ4Y3hpREtJ","metadata":{"@type":"type.googleapis.com/google.cloud.functions.v1.OperationMetadataV1","target":"projects/powderhound-b7c60/locations/us-central1/functions/checkForResortUpdates","type":"UPDATE_FUNCTION","request":{"@type":"type.googleapis.com/google.cloud.functions.v1.CloudFunction","name":"projects/powderhound-b7c60/locations/us-central1/functions/checkForResortUpdates","eventTrigger":{"eventType":"google.pubsub.topic.publish","resource":"projects/powderhound-b7c60/topics/firebase-schedule-checkForResortUpdates-us-central1","service":"pubsub.googleapis.com","failurePolicy":{}},"status":"OFFLINE","entryPoint":"checkForResortUpdates","timeout":"60s","availableMemoryMb":256,"serviceAccountEmail":"powderhound-b7c60@appspot.gserviceaccount.com","updateTime":"2023-03-13T01:48:13.113Z","versionId":"2","labels":{"deployment-scheduled":"true","deployment-tool":"cli-firebase"},"sourceUploadUrl":"https://storage.googleapis.com/uploads-533701299598.us-central1.cloudfunctions.appspot.com/d04d7f9d-84c0-4431-a73d-9861af033147.zip?GoogleAccessId=service-973998309596@gcf-admin-robot.iam.gserviceaccount.com&Expires=1678674146&Signature=HHksYRjfnQwXA8Po1xxMMyicgD2o2%2FMw2fj1rbEB4%2BLMDwNYOvQ7WTXVOS4cOV6%2FNX30znk2z7%2BSqt1MkQ4pMZFYWZQjoCfKO2KjMFes0CWyonnpZ%2Fs8ZAxLehnpR7VXvZCt9tZR29op9ECwDCa5Sqh6xPnyI4fjK9Ggi32iRx0wecin%2F2vicIu0%2Bx33jn4Kvw%2FOMQGyp32GgIgo%2FLfwltgQe%2F4tEomQLRs42cB37%2FR%2BmBIXGDyk6LZhYw0X3SuxBrAOIr8pizJ0jguvtxZ%2F7npkWFg6mjAuHeAjwdOKT9Yozs6D6uxLZcRILtsllL1NTirsn1tPZ%2BAPSyeNZAh15Q%3D%3D","environmentVariables":{"TWILIO_ACCOUNT_SID":"AC52d8d6134e18101ed99cb29cbe012b13","TWILIO_AUTH_TOKEN":"ef4637adc078f5885115003dca245af7","TWILIO_TO_NUMBER":"+18015747900","TWILIO_FROM_NUMBER":"+18775221772","FIREBASE_CONFIG":"{\"projectId\":\"powderhound-b7c60\",\"storageBucket\":\"powderhound-b7c60.appspot.com\"}","GCLOUD_PROJECT":"powderhound-b7c60"},"runtime":"nodejs16","maxInstances":3000,"ingressSettings":"ALLOW_ALL","buildId":"abc01363-47ef-4bdb-afef-38ee4853d5d3","buildName":"projects/973998309596/locations/us-central1/builds/abc01363-47ef-4bdb-afef-38ee4853d5d3","dockerRegistry":"CONTAINER_REGISTRY"},"versionId":"3","updateTime":"2023-03-13T01:52:27Z","buildId":"440bc617-3ee5-4640-9c90-f76df0428538","buildName":"projects/973998309596/locations/us-central1/builds/440bc617-3ee5-4640-9c90-f76df0428538"}}
[debug] [2023-03-13T01:52:54.461Z] [update-default-us-central1-checkForResortUpdates] Retrying task index 0
[debug] [2023-03-13T01:52:54.462Z] >>> [apiv2][query] GET https://cloudfunctions.googleapis.com/v1/operations/cG93ZGVyaG91bmQtYjdjNjAvdXMtY2VudHJhbDEvY2hlY2tGb3JSZXNvcnRVcGRhdGVzL0IySnJ4Y3hpREtJ [none]
[debug] [2023-03-13T01:52:54.635Z] <<< [apiv2][status] GET https://cloudfunctions.googleapis.com/v1/operations/cG93ZGVyaG91bmQtYjdjNjAvdXMtY2VudHJhbDEvY2hlY2tGb3JSZXNvcnRVcGRhdGVzL0IySnJ4Y3hpREtJ 200
[debug] [2023-03-13T01:52:54.635Z] <<< [apiv2][body] GET https://cloudfunctions.googleapis.com/v1/operations/cG93ZGVyaG91bmQtYjdjNjAvdXMtY2VudHJhbDEvY2hlY2tGb3JSZXNvcnRVcGRhdGVzL0IySnJ4Y3hpREtJ {"name":"operations/cG93ZGVyaG91bmQtYjdjNjAvdXMtY2VudHJhbDEvY2hlY2tGb3JSZXNvcnRVcGRhdGVzL0IySnJ4Y3hpREtJ","metadata":{"@type":"type.googleapis.com/google.cloud.functions.v1.OperationMetadataV1","target":"projects/powderhound-b7c60/locations/us-central1/functions/checkForResortUpdates","type":"UPDATE_FUNCTION","request":{"@type":"type.googleapis.com/google.cloud.functions.v1.CloudFunction","name":"projects/powderhound-b7c60/locations/us-central1/functions/checkForResortUpdates","eventTrigger":{"eventType":"google.pubsub.topic.publish","resource":"projects/powderhound-b7c60/topics/firebase-schedule-checkForResortUpdates-us-central1","service":"pubsub.googleapis.com","failurePolicy":{}},"status":"OFFLINE","entryPoint":"checkForResortUpdates","timeout":"60s","availableMemoryMb":256,"serviceAccountEmail":"powderhound-b7c60@appspot.gserviceaccount.com","updateTime":"2023-03-13T01:48:13.113Z","versionId":"2","labels":{"deployment-scheduled":"true","deployment-tool":"cli-firebase"},"sourceUploadUrl":"https://storage.googleapis.com/uploads-533701299598.us-central1.cloudfunctions.appspot.com/d04d7f9d-84c0-4431-a73d-9861af033147.zip?GoogleAccessId=service-973998309596@gcf-admin-robot.iam.gserviceaccount.com&Expires=1678674146&Signature=HHksYRjfnQwXA8Po1xxMMyicgD2o2%2FMw2fj1rbEB4%2BLMDwNYOvQ7WTXVOS4cOV6%2FNX30znk2z7%2BSqt1MkQ4pMZFYWZQjoCfKO2KjMFes0CWyonnpZ%2Fs8ZAxLehnpR7VXvZCt9tZR29op9ECwDCa5Sqh6xPnyI4fjK9Ggi32iRx0wecin%2F2vicIu0%2Bx33jn4Kvw%2FOMQGyp32GgIgo%2FLfwltgQe%2F4tEomQLRs42cB37%2FR%2BmBIXGDyk6LZhYw0X3SuxBrAOIr8pizJ0jguvtxZ%2F7npkWFg6mjAuHeAjwdOKT9Yozs6D6uxLZcRILtsllL1NTirsn1tPZ%2BAPSyeNZAh15Q%3D%3D","environmentVariables":{"TWILIO_ACCOUNT_SID":"AC52d8d6134e18101ed99cb29cbe012b13","TWILIO_AUTH_TOKEN":"ef4637adc078f5885115003dca245af7","TWILIO_TO_NUMBER":"+18015747900","TWILIO_FROM_NUMBER":"+18775221772","FIREBASE_CONFIG":"{\"projectId\":\"powderhound-b7c60\",\"storageBucket\":\"powderhound-b7c60.appspot.com\"}","GCLOUD_PROJECT":"powderhound-b7c60"},"runtime":"nodejs16","maxInstances":3000,"ingressSettings":"ALLOW_ALL","buildId":"abc01363-47ef-4bdb-afef-38ee4853d5d3","buildName":"projects/973998309596/locations/us-central1/builds/abc01363-47ef-4bdb-afef-38ee4853d5d3","dockerRegistry":"CONTAINER_REGISTRY"},"versionId":"3","updateTime":"2023-03-13T01:52:27Z","buildId":"440bc617-3ee5-4640-9c90-f76df0428538","buildName":"projects/973998309596/locations/us-central1/builds/440bc617-3ee5-4640-9c90-f76df0428538"}}
[debug] [2023-03-13T01:53:04.637Z] [update-default-us-central1-checkForResortUpdates] Retrying task index 0
[debug] [2023-03-13T01:53:04.638Z] >>> [apiv2][query] GET https://cloudfunctions.googleapis.com/v1/operations/cG93ZGVyaG91bmQtYjdjNjAvdXMtY2VudHJhbDEvY2hlY2tGb3JSZXNvcnRVcGRhdGVzL0IySnJ4Y3hpREtJ [none]
[debug] [2023-03-13T01:53:04.830Z] <<< [apiv2][status] GET https://cloudfunctions.googleapis.com/v1/operations/cG93ZGVyaG91bmQtYjdjNjAvdXMtY2VudHJhbDEvY2hlY2tGb3JSZXNvcnRVcGRhdGVzL0IySnJ4Y3hpREtJ 200
[debug] [2023-03-13T01:53:04.830Z] <<< [apiv2][body] GET https://cloudfunctions.googleapis.com/v1/operations/cG93ZGVyaG91bmQtYjdjNjAvdXMtY2VudHJhbDEvY2hlY2tGb3JSZXNvcnRVcGRhdGVzL0IySnJ4Y3hpREtJ {"name":"operations/cG93ZGVyaG91bmQtYjdjNjAvdXMtY2VudHJhbDEvY2hlY2tGb3JSZXNvcnRVcGRhdGVzL0IySnJ4Y3hpREtJ","metadata":{"@type":"type.googleapis.com/google.cloud.functions.v1.OperationMetadataV1","target":"projects/powderhound-b7c60/locations/us-central1/functions/checkForResortUpdates","type":"UPDATE_FUNCTION","request":{"@type":"type.googleapis.com/google.cloud.functions.v1.CloudFunction","name":"projects/powderhound-b7c60/locations/us-central1/functions/checkForResortUpdates","eventTrigger":{"eventType":"google.pubsub.topic.publish","resource":"projects/powderhound-b7c60/topics/firebase-schedule-checkForResortUpdates-us-central1","service":"pubsub.googleapis.com","failurePolicy":{}},"status":"OFFLINE","entryPoint":"checkForResortUpdates","timeout":"60s","availableMemoryMb":256,"serviceAccountEmail":"powderhound-b7c60@appspot.gserviceaccount.com","updateTime":"2023-03-13T01:48:13.113Z","versionId":"2","labels":{"deployment-scheduled":"true","deployment-tool":"cli-firebase"},"sourceUploadUrl":"https://storage.googleapis.com/uploads-533701299598.us-central1.cloudfunctions.appspot.com/d04d7f9d-84c0-4431-a73d-9861af033147.zip?GoogleAccessId=service-973998309596@gcf-admin-robot.iam.gserviceaccount.com&Expires=1678674146&Signature=HHksYRjfnQwXA8Po1xxMMyicgD2o2%2FMw2fj1rbEB4%2BLMDwNYOvQ7WTXVOS4cOV6%2FNX30znk2z7%2BSqt1MkQ4pMZFYWZQjoCfKO2KjMFes0CWyonnpZ%2Fs8ZAxLehnpR7VXvZCt9tZR29op9ECwDCa5Sqh6xPnyI4fjK9Ggi32iRx0wecin%2F2vicIu0%2Bx33jn4Kvw%2FOMQGyp32GgIgo%2FLfwltgQe%2F4tEomQLRs42cB37%2FR%2BmBIXGDyk6LZhYw0X3SuxBrAOIr8pizJ0jguvtxZ%2F7npkWFg6mjAuHeAjwdOKT9Yozs6D6uxLZcRILtsllL1NTirsn1tPZ%2BAPSyeNZAh15Q%3D%3D","environmentVariables":{"TWILIO_ACCOUNT_SID":"AC52d8d6134e18101ed99cb29cbe012b13","TWILIO_AUTH_TOKEN":"ef4637adc078f5885115003dca245af7","TWILIO_TO_NUMBER":"+18015747900","TWILIO_FROM_NUMBER":"+18775221772","FIREBASE_CONFIG":"{\"projectId\":\"powderhound-b7c60\",\"storageBucket\":\"powderhound-b7c60.appspot.com\"}","GCLOUD_PROJECT":"powderhound-b7c60"},"runtime":"nodejs16","maxInstances":3000,"ingressSettings":"ALLOW_ALL","buildId":"abc01363-47ef-4bdb-afef-38ee4853d5d3","buildName":"projects/973998309596/locations/us-central1/builds/abc01363-47ef-4bdb-afef-38ee4853d5d3","dockerRegistry":"CONTAINER_REGISTRY"},"versionId":"3","updateTime":"2023-03-13T01:52:27Z","buildId":"440bc617-3ee5-4640-9c90-f76df0428538","buildName":"projects/973998309596/locations/us-central1/builds/440bc617-3ee5-4640-9c90-f76df0428538"}}
